F:\CAI工作室\DEVELOP\CREATURE3DAPI\ZLIB-1.2.8\CMAKEFILES\GENERATE.STAMP
F:\CAI工作室\DEVELOP\CREATURE3DAPI\ZLIB-1.2.8\RELEASE\ZLIBSTATIC.LIB
F:\CAI工作室\DEVELOP\CREATURE3DAPI\ZLIB-1.2.8\ZLIBSTATIC.DIR\RELEASE\ADLER32.OBJ
F:\CAI工作室\Develop\Creature3DApi\zlib-1.2.8\zlibstatic.dir\Release\cl.command.1.tlog
F:\CAI工作室\Develop\Creature3DApi\zlib-1.2.8\zlibstatic.dir\Release\CL.read.1.tlog
F:\CAI工作室\Develop\Creature3DApi\zlib-1.2.8\zlibstatic.dir\Release\CL.write.1.tlog
F:\CAI工作室\DEVELOP\CREATURE3DAPI\ZLIB-1.2.8\ZLIBSTATIC.DIR\RELEASE\COMPRESS.OBJ
F:\CAI工作室\DEVELOP\CREATURE3DAPI\ZLIB-1.2.8\ZLIBSTATIC.DIR\RELEASE\CRC32.OBJ
F:\CAI工作室\Develop\Creature3DApi\zlib-1.2.8\zlibstatic.dir\Release\custombuild.command.1.tlog
F:\CAI工作室\Develop\Creature3DApi\zlib-1.2.8\zlibstatic.dir\Release\custombuild.read.1.tlog
F:\CAI工作室\Develop\Creature3DApi\zlib-1.2.8\zlibstatic.dir\Release\custombuild.write.1.tlog
F:\CAI工作室\DEVELOP\CREATURE3DAPI\ZLIB-1.2.8\ZLIBSTATIC.DIR\RELEASE\DEFLATE.OBJ
F:\CAI工作室\DEVELOP\CREATURE3DAPI\ZLIB-1.2.8\ZLIBSTATIC.DIR\RELEASE\GZCLOSE.OBJ
F:\CAI工作室\DEVELOP\CREATURE3DAPI\ZLIB-1.2.8\ZLIBSTATIC.DIR\RELEASE\GZLIB.OBJ
F:\CAI工作室\DEVELOP\CREATURE3DAPI\ZLIB-1.2.8\ZLIBSTATIC.DIR\RELEASE\GZREAD.OBJ
F:\CAI工作室\DEVELOP\CREATURE3DAPI\ZLIB-1.2.8\ZLIBSTATIC.DIR\RELEASE\GZWRITE.OBJ
F:\CAI工作室\DEVELOP\CREATURE3DAPI\ZLIB-1.2.8\ZLIBSTATIC.DIR\RELEASE\INFBACK.OBJ
F:\CAI工作室\DEVELOP\CREATURE3DAPI\ZLIB-1.2.8\ZLIBSTATIC.DIR\RELEASE\INFFAST.OBJ
F:\CAI工作室\DEVELOP\CREATURE3DAPI\ZLIB-1.2.8\ZLIBSTATIC.DIR\RELEASE\INFLATE.OBJ
F:\CAI工作室\DEVELOP\CREATURE3DAPI\ZLIB-1.2.8\ZLIBSTATIC.DIR\RELEASE\INFTREES.OBJ
F:\CAI工作室\Develop\Creature3DApi\zlib-1.2.8\zlibstatic.dir\Release\lib.command.1.tlog
F:\CAI工作室\Develop\Creature3DApi\zlib-1.2.8\zlibstatic.dir\Release\Lib-link.read.1.tlog
F:\CAI工作室\Develop\Creature3DApi\zlib-1.2.8\zlibstatic.dir\Release\Lib-link.write.1.tlog
F:\CAI工作室\DEVELOP\CREATURE3DAPI\ZLIB-1.2.8\ZLIBSTATIC.DIR\RELEASE\TREES.OBJ
F:\CAI工作室\DEVELOP\CREATURE3DAPI\ZLIB-1.2.8\ZLIBSTATIC.DIR\RELEASE\UNCOMPR.OBJ
F:\CAI工作室\Develop\Creature3DApi\zlib-1.2.8\zlibstatic.dir\Release\zlibstatic.write.1.tlog
F:\CAI工作室\DEVELOP\CREATURE3DAPI\ZLIB-1.2.8\ZLIBSTATIC.DIR\RELEASE\ZUTIL.OBJ
