F:\CAI工作室\DEVELOP\CREATURE3DAPI\HAWKNL\HAWKNL17B1SRC\HAWKNL1.70\SRC\DEBUG\CRC.OBJ
F:\CAI工作室\DEVELOP\CREATURE3DAPI\HAWKNL\HAWKNL17B1SRC\HAWKNL1.70\SRC\DEBUG\VC110.PDB
F:\CAI工作室\DEVELOP\CREATURE3DAPI\HAWKNL\HAWKNL17B1SRC\HAWKNL1.70\SRC\DEBUG\SOCK.OBJ
F:\CAI工作室\DEVELOP\CREATURE3DAPI\HAWKNL\HAWKNL17B1SRC\HAWKNL1.70\SRC\DEBUG\NLTIME.OBJ
F:\CAI工作室\DEVELOP\CREATURE3DAPI\HAWKNL\HAWKNL17B1SRC\HAWKNL1.70\SRC\DEBUG\LOOPBACK.OBJ
F:\CAI工作室\DEVELOP\CREATURE3DAPI\HAWKNL\HAWKNL17B1SRC\HAWKNL1.70\SRC\DEBUG\IPX.OBJ
F:\CAI工作室\DEVELOP\CREATURE3DAPI\HAWKNL\HAWKNL17B1SRC\HAWKNL1.70\SRC\DEBUG\HTMUTEX.OBJ
F:\CAI工作室\DEVELOP\CREATURE3DAPI\HAWKNL\HAWKNL17B1SRC\HAWKNL1.70\SRC\DEBUG\HTHREAD.OBJ
F:\CAI工作室\DEVELOP\CREATURE3DAPI\HAWKNL\HAWKNL17B1SRC\HAWKNL1.70\SRC\DEBUG\HTCONDITION.OBJ
F:\CAI工作室\DEVELOP\CREATURE3DAPI\HAWKNL\HAWKNL17B1SRC\HAWKNL1.70\SRC\DEBUG\GROUP.OBJ
F:\CAI工作室\DEVELOP\CREATURE3DAPI\HAWKNL\HAWKNL17B1SRC\HAWKNL1.70\SRC\DEBUG\ERRORSTR.OBJ
F:\CAI工作室\DEVELOP\CREATURE3DAPI\HAWKNL\HAWKNL17B1SRC\HAWKNL1.70\SRC\DEBUG\ERR.OBJ
F:\CAI工作室\DEVELOP\CREATURE3DAPI\HAWKNL\HAWKNL17B1SRC\HAWKNL1.70\SRC\DEBUG\NL.OBJ
H:\CAI工作室\DEVELOP\CREATURE3DAPI\HAWKNL\HAWKNL17B1SRC\HAWKNL1.70\SRC\DEBUG\CRC.OBJ
H:\CAI工作室\DEVELOP\CREATURE3DAPI\HAWKNL\HAWKNL17B1SRC\HAWKNL1.70\SRC\DEBUG\VC100.PDB
H:\CAI工作室\DEVELOP\CREATURE3DAPI\HAWKNL\HAWKNL17B1SRC\HAWKNL1.70\SRC\DEBUG\SOCK.OBJ
H:\CAI工作室\DEVELOP\CREATURE3DAPI\HAWKNL\HAWKNL17B1SRC\HAWKNL1.70\SRC\DEBUG\NLTIME.OBJ
H:\CAI工作室\DEVELOP\CREATURE3DAPI\HAWKNL\HAWKNL17B1SRC\HAWKNL1.70\SRC\DEBUG\LOOPBACK.OBJ
H:\CAI工作室\DEVELOP\CREATURE3DAPI\HAWKNL\HAWKNL17B1SRC\HAWKNL1.70\SRC\DEBUG\IPX.OBJ
H:\CAI工作室\DEVELOP\CREATURE3DAPI\HAWKNL\HAWKNL17B1SRC\HAWKNL1.70\SRC\DEBUG\HTMUTEX.OBJ
H:\CAI工作室\DEVELOP\CREATURE3DAPI\HAWKNL\HAWKNL17B1SRC\HAWKNL1.70\SRC\DEBUG\HTHREAD.OBJ
H:\CAI工作室\DEVELOP\CREATURE3DAPI\HAWKNL\HAWKNL17B1SRC\HAWKNL1.70\SRC\DEBUG\HTCONDITION.OBJ
H:\CAI工作室\DEVELOP\CREATURE3DAPI\HAWKNL\HAWKNL17B1SRC\HAWKNL1.70\SRC\DEBUG\GROUP.OBJ
H:\CAI工作室\DEVELOP\CREATURE3DAPI\HAWKNL\HAWKNL17B1SRC\HAWKNL1.70\SRC\DEBUG\ERRORSTR.OBJ
H:\CAI工作室\DEVELOP\CREATURE3DAPI\HAWKNL\HAWKNL17B1SRC\HAWKNL1.70\SRC\DEBUG\ERR.OBJ
H:\CAI工作室\DEVELOP\CREATURE3DAPI\HAWKNL\HAWKNL17B1SRC\HAWKNL1.70\SRC\DEBUG\NL.OBJ
F:\CAI工作室\Develop\Creature3DApi\HawkNL\HawkNL17b1src\HawkNL1.70\lib\HawkNLd.lib
F:\CAI工作室\Develop\Creature3DApi\HawkNL\HawkNL17b1src\HawkNL1.70\lib\HawkNLd.exp
H:\CAI工作室\Develop\Creature3DApi\HawkNL\HawkNL17b1src\HawkNL1.70\lib\HawkNLd.lib
H:\CAI工作室\Develop\Creature3DApi\HawkNL\HawkNL17b1src\HawkNL1.70\lib\HawkNLd.exp
F:\CAI工作室\DEVELOP\CREATURE3DAPI\HAWKNL\HAWKNL17B1SRC\HAWKNL1.70\LIB\HAWKNLD.DLL
F:\CAI工作室\DEVELOP\CREATURE3DAPI\HAWKNL\HAWKNL17B1SRC\HAWKNL1.70\SRC\DEBUG\HAWKNLD.PDB
H:\CAI工作室\DEVELOP\CREATURE3DAPI\HAWKNL\HAWKNL17B1SRC\HAWKNL1.70\LIB\HAWKNLD.DLL
H:\CAI工作室\DEVELOP\CREATURE3DAPI\HAWKNL\HAWKNL17B1SRC\HAWKNL1.70\SRC\DEBUG\HAWKNLD.PDB
F:\CAI工作室\Develop\Creature3DApi\HawkNL\HawkNL17b1src\HawkNL1.70\src\Debug\crc.obj
F:\CAI工作室\Develop\Creature3DApi\HawkNL\HawkNL17b1src\HawkNL1.70\src\Debug\err.obj
F:\CAI工作室\Develop\Creature3DApi\HawkNL\HawkNL17b1src\HawkNL1.70\src\Debug\errorstr.obj
F:\CAI工作室\Develop\Creature3DApi\HawkNL\HawkNL17b1src\HawkNL1.70\src\Debug\group.obj
F:\CAI工作室\Develop\Creature3DApi\HawkNL\HawkNL17b1src\HawkNL1.70\src\Debug\htcondition.obj
F:\CAI工作室\Develop\Creature3DApi\HawkNL\HawkNL17b1src\HawkNL1.70\src\Debug\hthread.obj
F:\CAI工作室\Develop\Creature3DApi\HawkNL\HawkNL17b1src\HawkNL1.70\src\Debug\htmutex.obj
F:\CAI工作室\Develop\Creature3DApi\HawkNL\HawkNL17b1src\HawkNL1.70\src\Debug\ipx.obj
F:\CAI工作室\Develop\Creature3DApi\HawkNL\HawkNL17b1src\HawkNL1.70\src\Debug\loopback.obj
F:\CAI工作室\Develop\Creature3DApi\HawkNL\HawkNL17b1src\HawkNL1.70\src\Debug\nl.obj
F:\CAI工作室\Develop\Creature3DApi\HawkNL\HawkNL17b1src\HawkNL1.70\src\Debug\nltime.obj
F:\CAI工作室\Develop\Creature3DApi\HawkNL\HawkNL17b1src\HawkNL1.70\src\Debug\sock.obj
F:\CAI工作室\Develop\Creature3DApi\HawkNL\HawkNL17b1src\HawkNL1.70\src\Debug\cl.command.1.tlog
F:\CAI工作室\Develop\Creature3DApi\HawkNL\HawkNL17b1src\HawkNL1.70\src\Debug\CL.read.1.tlog
F:\CAI工作室\Develop\Creature3DApi\HawkNL\HawkNL17b1src\HawkNL1.70\src\Debug\CL.write.1.tlog
F:\CAI工作室\Develop\Creature3DApi\HawkNL\HawkNL17b1src\HawkNL1.70\src\Debug\HawkNL.write.1.tlog
F:\CAI工作室\Develop\Creature3DApi\HawkNL\HawkNL17b1src\HawkNL1.70\src\Debug\link-cvtres.read.1.tlog
F:\CAI工作室\Develop\Creature3DApi\HawkNL\HawkNL17b1src\HawkNL1.70\src\Debug\link-cvtres.write.1.tlog
F:\CAI工作室\Develop\Creature3DApi\HawkNL\HawkNL17b1src\HawkNL1.70\src\Debug\link-rc.read.1.tlog
F:\CAI工作室\Develop\Creature3DApi\HawkNL\HawkNL17b1src\HawkNL1.70\src\Debug\link-rc.write.1.tlog
F:\CAI工作室\Develop\Creature3DApi\HawkNL\HawkNL17b1src\HawkNL1.70\src\Debug\link.command.1.tlog
F:\CAI工作室\Develop\Creature3DApi\HawkNL\HawkNL17b1src\HawkNL1.70\src\Debug\link.read.1.tlog
F:\CAI工作室\Develop\Creature3DApi\HawkNL\HawkNL17b1src\HawkNL1.70\src\Debug\link.write.1.tlog
F:\CAI工作室\Develop\Creature3DApi\HawkNL\HawkNL17b1src\HawkNL1.70\src\Debug\mt.command.1.tlog
F:\CAI工作室\Develop\Creature3DApi\HawkNL\HawkNL17b1src\HawkNL1.70\src\Debug\mt.read.1.tlog
F:\CAI工作室\Develop\Creature3DApi\HawkNL\HawkNL17b1src\HawkNL1.70\src\Debug\mt.write.1.tlog
F:\CAI工作室\Develop\Creature3DApi\HawkNL\HawkNL17b1src\HawkNL1.70\src\Debug\HawkNLd.dll.intermediate.manifest
F:\CAI工作室\Develop\Creature3DApi\HawkNL\HawkNL17b1src\HawkNL1.70\src\Debug\HawkNLd.pdb
F:\CAI工作室\Develop\Creature3DApi\HawkNL\HawkNL17b1src\HawkNL1.70\src\Debug\vc100.pdb
F:\CAI工作室\Develop\Creature3DApi\HawkNL\HawkNL17b1src\HawkNL1.70\src\Debug\vc110.pdb
F:\CAI工作室\Develop\Creature3DApi\HawkNL\HawkNL17b1src\HawkNL1.70\.\lib\HawkNLd.dll
