生成启动时间为 2015/4/16 12:00:07。
     1>项目“F:\CAI工作室\Develop\Creature3DApi\HawkNL\HawkNL17b1src\HawkNL1.70\HawkNL.vcxproj”在节点 11 上(Build 个目标)。
     1>InitializeBuildStatus:
         正在创建“.\src\Release\HawkNL.unsuccessfulbuild”，因为已指定“AlwaysCreate”。
       ClCompile:
         所有输出均为最新。
         所有输出均为最新。
     1>C:\Program Files (x86)\MSBuild\Microsoft.Cpp\v4.0\Microsoft.CppBuild.targets(990,5): warning MSB8012: TargetPath(F:\CAI工作室\Develop\Creature3DApi\HawkNL\HawkNL17b1src\HawkNL1.70\.\src\Release\HawkNL.dll) 与 Linker 的 OutputFile 属性值(F:\CAI工作室\Develop\Creature3DApi\HawkNL\HawkNL17b1src\HawkNL1.70\lib\HawkNL.dll)不匹配。这可能导致项目生成不正确。若要更正此问题，请确保 $(OutDir)、$(TargetName) 和 $(TargetExt) 属性值与 %(Link.OutputFile) 中指定的值匹配。
       Link:
         所有输出均为最新。
         HawkNL.vcxproj -> F:\CAI工作室\Develop\Creature3DApi\HawkNL\HawkNL17b1src\HawkNL1.70\.\src\Release\HawkNL.dll
       PostBuildEvent:
         /cstep C:\Program Files (x86)\Xoreax\IncrediBuild\temp\cstep_{CBE588FC-7222-4B90-AD53-F5CFF8506DC3}.bat copy                                         src\Release\*.lib                                                              lib\
         copy                                                          src\win32\*.dll                                                  lib\ /msg "Performing Post-Build Event"
         :VCEnd
         {{xgTaskID=000000BF}}
         src\Release\HawkNL.lib
         已复制         1 个文件。
         src\win32\pthreadVCE.dll
         已复制         1 个文件。
         {{xgTaskID=00000000}}
       FinalizeBuildStatus:
         正在删除文件“.\src\Release\HawkNL.unsuccessfulbuild”。
         正在对“.\src\Release\HawkNL.lastbuildstate”执行 Touch 任务。
     1>已完成生成项目“F:\CAI工作室\Develop\Creature3DApi\HawkNL\HawkNL17b1src\HawkNL1.70\HawkNL.vcxproj”(Build 个目标)的操作。

生成成功。

已用时间 00:00:04.64
